<?xml version="1.0" encoding="UTF-8"?>
<testng-results ignored="0" total="1" passed="1" failed="0" skipped="0">
  <reporter-output>
  </reporter-output>
  <suite started-at="2023-12-12T09:51:27 IST" name="Default suite" finished-at="2023-12-12T09:51:56 IST" duration-ms="29251">
    <groups>
    </groups>
    <test started-at="2023-12-12T09:51:27 IST" name="Default test" finished-at="2023-12-12T09:51:56 IST" duration-ms="29251">
      <class name="EzyBill.STB.BulkPairTest">
        <test-method is-config="true" signature="bSuite()[pri:0, instance:EzyBill.STB.BulkPairTest@6b695b06]" started-at="2023-12-12T09:51:27 IST" name="bSuite" finished-at="2023-12-12T09:51:27 IST" duration-ms="18" status="PASS">
          <reporter-output>
          </reporter-output>
        </test-method> <!-- bSuite -->
        <test-method is-config="true" signature="bClass()[pri:0, instance:EzyBill.STB.BulkPairTest@6b695b06]" started-at="2023-12-12T09:51:27 IST" name="bClass" finished-at="2023-12-12T09:51:49 IST" duration-ms="22705" status="PASS">
          <reporter-output>
          </reporter-output>
        </test-method> <!-- bClass -->
        <test-method is-config="true" signature="bMethod()[pri:0, instance:EzyBill.STB.BulkPairTest@6b695b06]" started-at="2023-12-12T09:51:49 IST" name="bMethod" finished-at="2023-12-12T09:51:52 IST" duration-ms="3055" status="PASS">
          <reporter-output>
          </reporter-output>
        </test-method> <!-- bMethod -->
        <test-method signature="pair()[pri:0, instance:EzyBill.STB.BulkPairTest@6b695b06]" started-at="2023-12-12T09:51:52 IST" name="pair" finished-at="2023-12-12T09:51:56 IST" duration-ms="3410" status="PASS">
          <reporter-output>
          </reporter-output>
        </test-method> <!-- pair -->
        <test-method is-config="true" signature="aMethod()[pri:0, instance:EzyBill.STB.BulkPairTest@6b695b06]" started-at="2023-12-12T09:51:56 IST" name="aMethod" finished-at="2023-12-12T09:51:56 IST" duration-ms="8" status="PASS">
          <reporter-output>
          </reporter-output>
        </test-method> <!-- aMethod -->
        <test-method is-config="true" signature="aClass()[pri:0, instance:EzyBill.STB.BulkPairTest@6b695b06]" started-at="2023-12-12T09:51:56 IST" name="aClass" finished-at="2023-12-12T09:51:56 IST" duration-ms="3" status="PASS">
          <reporter-output>
          </reporter-output>
        </test-method> <!-- aClass -->
        <test-method is-config="true" signature="aSuite()[pri:0, instance:EzyBill.STB.BulkPairTest@6b695b06]" started-at="2023-12-12T09:51:56 IST" name="aSuite" finished-at="2023-12-12T09:51:56 IST" duration-ms="0" status="PASS">
          <reporter-output>
          </reporter-output>
        </test-method> <!-- aSuite -->
      </class> <!-- EzyBill.STB.BulkPairTest -->
    </test> <!-- Default test -->
  </suite> <!-- Default suite -->
</testng-results>
